Build started 10/18/2012 8:49:02 AM.
     1>Project "C:\Users\happee\OSU\CS461\Graphics_Engine\Graphics_Engine.vcxproj" on node 2 (build target(s)).
     1>InitializeBuildStatus:
         Touching "Debug\Graphics_Engine.unsuccessfulbuild".
       ClCompile:
         c:\Program Files (x86)\Microsoft Visual Studio 10.0\VC\bin\CL.exe /c /ZI /nologo /W3 /WX- /Od /Oy- /D WIN32 /D _DEBUG /D _CONSOLE /D _UNICODE /D UNICODE /Gm /EHsc /RTC1 /MDd /GS /fp:precise /Zc:wchar_t /Zc:forScope /Fo"Debug\\" /Fd"Debug\vc100.pdb" /Gd /TP /analyze- /errorReport:prompt main.cpp
         main.cpp
       ManifestResourceCompile:
         All outputs are up-to-date.
       Link:
         c:\Program Files (x86)\Microsoft Visual Studio 10.0\VC\bin\link.exe /ERRORREPORT:PROMPT /OUT:"C:\Users\happee\OSU\CS461\Graphics_Engine\Debug\Graphics_Engine.exe" /INCREMENTAL /NOLOGO kernel32.lib user32.lib gdi32.lib winspool.lib comdlg32.lib advapi32.lib shell32.lib ole32.lib oleaut32.lib uuid.lib odbc32.lib odbccp32.lib /MANIFEST /ManifestFile:"Debug\Graphics_Engine.exe.intermediate.manifest" /MANIFESTUAC:"level='asInvoker' uiAccess='false'" /DEBUG /PDB:"C:\Users\happee\OSU\CS461\Graphics_Engine\Debug\Graphics_Engine.pdb" /SUBSYSTEM:CONSOLE /TLBID:1 /DYNAMICBASE /NXCOMPAT /IMPLIB:"C:\Users\happee\OSU\CS461\Graphics_Engine\Debug\Graphics_Engine.lib" /MACHINE:X86 Debug\Graphics_Engine.exe.embed.manifest.res
         Debug\main.obj
       Manifest:
         c:\Program Files (x86)\Microsoft SDKs\Windows\v7.0A\bin\mt.exe /nologo /verbose /out:"Debug\Graphics_Engine.exe.embed.manifest" /manifest Debug\Graphics_Engine.exe.intermediate.manifest
         c:\Program Files (x86)\Microsoft SDKs\Windows\v7.0A\bin\rc.exe /nologo /fo"Debug\Graphics_Engine.exe.embed.manifest.res" Debug\Graphics_Engine_manifest.rc 
       LinkEmbedManifest:
         c:\Program Files (x86)\Microsoft Visual Studio 10.0\VC\bin\link.exe /ERRORREPORT:PROMPT /OUT:"C:\Users\happee\OSU\CS461\Graphics_Engine\Debug\Graphics_Engine.exe" /INCREMENTAL /NOLOGO kernel32.lib user32.lib gdi32.lib winspool.lib comdlg32.lib advapi32.lib shell32.lib ole32.lib oleaut32.lib uuid.lib odbc32.lib odbccp32.lib /MANIFEST /ManifestFile:"Debug\Graphics_Engine.exe.intermediate.manifest" /MANIFESTUAC:"level='asInvoker' uiAccess='false'" /DEBUG /PDB:"C:\Users\happee\OSU\CS461\Graphics_Engine\Debug\Graphics_Engine.pdb" /SUBSYSTEM:CONSOLE /TLBID:1 /DYNAMICBASE /NXCOMPAT /IMPLIB:"C:\Users\happee\OSU\CS461\Graphics_Engine\Debug\Graphics_Engine.lib" /MACHINE:X86 Debug\Graphics_Engine.exe.embed.manifest.res
         Debug\main.obj
         Graphics_Engine.vcxproj -> C:\Users\happee\OSU\CS461\Graphics_Engine\Debug\Graphics_Engine.exe
       FinalizeBuildStatus:
         Deleting file "Debug\Graphics_Engine.unsuccessfulbuild".
         Touching "Debug\Graphics_Engine.lastbuildstate".
     1>Done Building Project "C:\Users\happee\OSU\CS461\Graphics_Engine\Graphics_Engine.vcxproj" (build target(s)).

Build succeeded.

Time Elapsed 00:00:02.90
